init.iTD
notification.iTD
shop.iTD
kuprine.iTD
menu.iTD
koordinates.iTD
logod.iTD
oldcarshop.iTD
fishing.iTD
energybar.iTD
HELLO.iTD
areas.itd
mechanikai_tune.itd
race_masinu_pirkimas.itd
race_meniu.itd
race_meniu_track.itd
race_menu_search.itd
speedometer.itd
speedometer1.itd
pinigai.itd
td_britui.itd
megagames.itd
speedo_megagames.itd
sLife.itd
eLife2.itd
VirtualLife.itd
nitro.itd
playerinfo.itd
race_singleplayer_track.itd
race_inrace_SP.itd
race_speedas.itd
RPG.itd
race_nitro.itd
speedas.itd
flash.itd
uzvedimas.itd
blood.itd
time.itd
soc_pinigai.itd
trasa.itd
